<?xml version="1.0" encoding="UTF-8"?>
<!-- Generated by org.testng.reporters.JUnitReportReporter -->
<testsuite skipped="0" hostname="LAPTOP-BCVHBJ42" name="com.qa.pom.testcases.ContactsPageTest" tests="5" failures="0" timestamp="02 Feb 2019 00:41:57 GMT" time="55.873" errors="0">
  <testcase name="verifyContactsLabel" time="9.014" classname="com.qa.pom.testcases.ContactsPageTest"/>
  <testcase name="selectSingleContactsTest" time="9.453" classname="com.qa.pom.testcases.ContactsPageTest"/>
  <testcase name="validateCreateNewContactTest" time="11.804" classname="com.qa.pom.testcases.ContactsPageTest"/>
  <testcase name="validateCreateNewContactTest" time="13.059" classname="com.qa.pom.testcases.ContactsPageTest"/>
  <testcase name="validateCreateNewContactTest" time="12.543" classname="com.qa.pom.testcases.ContactsPageTest"/>
</testsuite> <!-- com.qa.pom.testcases.ContactsPageTest -->
