<?xml version="1.0" encoding="UTF-8"?>
<!-- Generated by org.testng.reporters.JUnitReportReporter -->
<testsuite skipped="0" hostname="LAPTOP-BCVHBJ42" name="com.qa.pom.testcases.LoginPageTest" tests="3" failures="0" timestamp="02 Feb 2019 00:41:57 GMT" time="27.160" errors="0">
  <testcase name="loginPageTitleTest" time="9.095" classname="com.qa.pom.testcases.LoginPageTest"/>
  <testcase name="crmLogoImageTest" time="8.016" classname="com.qa.pom.testcases.LoginPageTest"/>
  <testcase name="loginTest" time="10.049" classname="com.qa.pom.testcases.LoginPageTest"/>
</testsuite> <!-- com.qa.pom.testcases.LoginPageTest -->
