<?xml version="1.0" encoding="UTF-8"?>
<!-- Generated by org.testng.reporters.JUnitReportReporter -->
<testsuite skipped="0" hostname="LAPTOP-BCVHBJ42" name="com.qa.pom.testcases.HomepageTest" tests="3" failures="0" timestamp="02 Feb 2019 00:41:57 GMT" time="29.076" errors="0">
  <testcase name="verifyHomePageTitleTest" time="7.305" classname="com.qa.pom.testcases.HomepageTest"/>
  <testcase name="validateUserNameTest" time="10.404" classname="com.qa.pom.testcases.HomepageTest"/>
  <testcase name="contactsLinkTest" time="11.367" classname="com.qa.pom.testcases.HomepageTest"/>
</testsuite> <!-- com.qa.pom.testcases.HomepageTest -->
