<?xml version="1.0" encoding="UTF-8"?>
<!-- Generated by org.testng.reporters.JUnitReportReporter -->
<testsuite skipped="0" hostname="LAPTOP-BCVHBJ42" name="com.qa.pom.testcases.HomepageTest" tests="3" failures="0" timestamp="02 Feb 2019 06:54:09 GMT" time="25.828" errors="0">
  <testcase name="verifyHomePageTitleTest" time="9.301" classname="com.qa.pom.testcases.HomepageTest"/>
  <testcase name="validateUserNameTest" time="6.746" classname="com.qa.pom.testcases.HomepageTest"/>
  <testcase name="contactsLinkTest" time="9.781" classname="com.qa.pom.testcases.HomepageTest"/>
</testsuite> <!-- com.qa.pom.testcases.HomepageTest -->
