<?xml version="1.0" encoding="UTF-8"?>
<!-- Generated by org.testng.reporters.JUnitReportReporter -->
<testsuite skipped="0" hostname="LAPTOP-BCVHBJ42" name="com.qa.pom.testcases.LoginPageTest" tests="3" failures="0" timestamp="02 Feb 2019 06:54:09 GMT" time="19.005" errors="0">
  <testcase name="loginPageTitleTest" time="5.149" classname="com.qa.pom.testcases.LoginPageTest"/>
  <testcase name="crmLogoImageTest" time="4.860" classname="com.qa.pom.testcases.LoginPageTest"/>
  <testcase name="loginTest" time="8.996" classname="com.qa.pom.testcases.LoginPageTest"/>
</testsuite> <!-- com.qa.pom.testcases.LoginPageTest -->
