<?xml version="1.0" encoding="UTF-8"?>
<!-- Generated by org.testng.reporters.JUnitReportReporter -->
<testsuite skipped="0" hostname="LAPTOP-BCVHBJ42" name="com.qa.pom.testcases.ContactsPageTest" tests="5" failures="0" timestamp="02 Feb 2019 06:54:09 GMT" time="49.774" errors="0">
  <testcase name="verifyContactsLabel" time="11.310" classname="com.qa.pom.testcases.ContactsPageTest"/>
  <testcase name="selectSingleContactsTest" time="7.910" classname="com.qa.pom.testcases.ContactsPageTest"/>
  <testcase name="validateCreateNewContactTest" time="9.870" classname="com.qa.pom.testcases.ContactsPageTest"/>
  <testcase name="validateCreateNewContactTest" time="10.097" classname="com.qa.pom.testcases.ContactsPageTest"/>
  <testcase name="validateCreateNewContactTest" time="10.587" classname="com.qa.pom.testcases.ContactsPageTest"/>
</testsuite> <!-- com.qa.pom.testcases.ContactsPageTest -->
